[14:31:26] [main/INFO] (FabricLoader/GameProvider) Loading Minecraft 1.17 with Fabric Loader 0.14.21
[14:31:26] [main/INFO] (FabricLoader) Loading 48 mods:
	- elemental_tools 1.1-1.16.5
	- fabric 0.36.0+1.17
	- fabric-api-base 0.3.0+a02b44633d
	- fabric-api-lookup-api-v1 1.2.0+2b5c62d03d
	- fabric-biome-api-v1 3.1.11+c345aea83d
	- fabric-blockrenderlayer-v1 1.1.5+a02b44633d
	- fabric-command-api-v1 1.1.1+a02b44633d
	- fabric-commands-v0 0.2.2+92519afa3d
	- fabric-containers-v0 0.1.12+a02b44633d
	- fabric-content-registries-v0 0.2.2+a02b44633d
	- fabric-crash-report-info-v1 0.1.5+be9da3103d
	- fabric-dimensions-v1 2.0.10+a02b44633d
	- fabric-entity-events-v1 1.1.0+a02b44633d
	- fabric-events-interaction-v0 0.4.9+a722d8c03d
	- fabric-events-lifecycle-v0 0.2.1+92519afa3d
	- fabric-game-rule-api-v1 1.0.6+a02b44633d
	- fabric-item-api-v1 1.2.4+a02b44633d
	- fabric-item-groups-v0 0.2.10+b7ab61213d
	- fabric-key-binding-api-v1 1.0.4+a02b44633d
	- fabric-keybindings-v0 0.2.2+36b77c3e3d
	- fabric-lifecycle-events-v1 1.4.4+a02b44633d
	- fabric-loot-tables-v1 1.0.4+a02b44633d
	- fabric-mining-levels-v0 0.1.3+92519afa3d
	- fabric-models-v0 0.3.0+a02b44633d
	- fabric-networking-api-v1 1.0.11+b7ab61213d
	- fabric-networking-blockentity-v0 0.2.11+a02b44633d
	- fabric-networking-v0 0.3.2+92519afa3d
	- fabric-object-builder-api-v1 1.10.9+b7ab61213d
	- fabric-object-builders-v0 0.7.3+a02b44633d
	- fabric-particles-v1 0.2.4+a02b44633d
	- fabric-registry-sync-v0 0.7.10+e2961fee3d
	- fabric-renderer-api-v1 0.4.3+676f40fa3d
	- fabric-renderer-indigo 0.4.8+a02b44633d
	- fabric-renderer-registries-v1 3.2.0+a02b44633d
	- fabric-rendering-data-attachment-v1 0.1.5+a02b44633d
	- fabric-rendering-fluids-v1 0.1.13+a02b44633d
	- fabric-rendering-v0 1.1.2+92519afa3d
	- fabric-rendering-v1 1.6.0+a02b44633d
	- fabric-resource-loader-v0 0.4.7+b7ab61213d
	- fabric-screen-api-v1 1.0.4+155f865c3d
	- fabric-screen-handler-api-v1 1.1.8+a02b44633d
	- fabric-structure-api-v1 1.1.11+e36969833d
	- fabric-tag-extensions-v0 1.1.4+a02b44633d
	- fabric-textures-v0 1.0.6+a02b44633d
	- fabric-tool-attribute-api-v1 1.2.12+b7ab61213d
	- fabricloader 0.14.21
	- java 17
	- minecraft 1.17
[14:31:26] [main/INFO] (FabricLoader/Mixin) SpongePowered MIXIN Subsystem Version=0.8.5 Source=file:/C:/Users/LeSha/.gradle/caches/modules-2/files-2.1/net.fabricmc/sponge-mixin/0.12.5+mixin.0.8.5/8d31fb97c3e0cd7c8dad3441851c523bcfae6d8e/sponge-mixin-0.12.5+mixin.0.8.5.jar Service=Knot/Fabric Env=CLIENT
[14:31:26] [main/INFO] (FabricLoader/Mixin) Loaded Fabric development mappings for mixin remapper!
[14:31:26] [main/INFO] (FabricLoader/Mixin) Compatibility level set to JAVA_16
[14:31:28] [main/WARN] (FileUtil) Configuration conflict: there is more than one oshi.properties file on the classpath
[14:31:28] [main/WARN] (FileUtil) Configuration conflict: there is more than one oshi.architecture.properties file on the classpath
[14:31:36] [Render thread/INFO] (Minecraft) Environment: authHost='https://authserver.mojang.com', accountsHost='https://api.mojang.com', sessionHost='https://sessionserver.mojang.com', servicesHost='https://api.minecraftservices.com', name='PROD'
[14:31:36] [Render thread/ERROR] (Minecraft) Failed to verify authentication
com.mojang.authlib.exceptions.InvalidCredentialsException: Status: 401
	at com.mojang.authlib.exceptions.MinecraftClientHttpException.toAuthenticationException(MinecraftClientHttpException.java:56) ~[authlib-2.3.31.jar:?]
	at com.mojang.authlib.yggdrasil.YggdrasilSocialInteractionsService.checkPrivileges(YggdrasilSocialInteractionsService.java:112) ~[authlib-2.3.31.jar:?]
	at com.mojang.authlib.yggdrasil.YggdrasilSocialInteractionsService.<init>(YggdrasilSocialInteractionsService.java:42) ~[authlib-2.3.31.jar:?]
	at com.mojang.authlib.yggdrasil.YggdrasilAuthenticationService.createSocialInteractionsService(YggdrasilAuthenticationService.java:151) ~[authlib-2.3.31.jar:?]
	at net.minecraft.client.MinecraftClient.createSocialInteractionsService(MinecraftClient.java:672) [minecraft-merged-project-root-1.17-net.fabricmc.yarn.1_17.1.17+build.13-v2.jar:?]
	at net.minecraft.client.MinecraftClient.<init>(MinecraftClient.java:431) [minecraft-merged-project-root-1.17-net.fabricmc.yarn.1_17.1.17+build.13-v2.jar:?]
	at net.minecraft.client.main.Main.main(Main.java:179) [minecraft-merged-project-root-1.17-net.fabricmc.yarn.1_17.1.17+build.13-v2.jar:?]
	at net.fabricmc.loader.impl.game.minecraft.MinecraftGameProvider.launch(MinecraftGameProvider.java:468) [fabric-loader-0.14.21.jar:?]
	at net.fabricmc.loader.impl.launch.knot.Knot.launch(Knot.java:74) [fabric-loader-0.14.21.jar:?]
	at net.fabricmc.loader.impl.launch.knot.KnotClient.main(KnotClient.java:23) [fabric-loader-0.14.21.jar:?]
	at net.fabricmc.devlaunchinjector.Main.main(Main.java:86) [dev-launch-injector-0.2.1+build.8.jar:?]
Caused by: com.mojang.authlib.exceptions.MinecraftClientHttpException: Status: 401
	at com.mojang.authlib.minecraft.client.MinecraftClient.readInputStream(MinecraftClient.java:79) ~[authlib-2.3.31.jar:?]
	at com.mojang.authlib.minecraft.client.MinecraftClient.get(MinecraftClient.java:47) ~[authlib-2.3.31.jar:?]
	at com.mojang.authlib.yggdrasil.YggdrasilSocialInteractionsService.checkPrivileges(YggdrasilSocialInteractionsService.java:104) ~[authlib-2.3.31.jar:?]
	... 9 more
[14:31:36] [Render thread/INFO] (Minecraft) Setting user: Player530
[14:31:36] [Render thread/WARN] (FabricLoader/Mixin) @Inject(@At("INVOKE")) Shift.BY=3 on fabric-lifecycle-events-v1.mixins.json:client.WorldChunkMixin from mod fabric-lifecycle-events-v1::handler$zch000$fabric-lifecycle-events-v1$onLoadBlockEntity exceeds the maximum allowed value: 0. Increase the value of maxShiftBy to suppress this warning.
[14:31:37] [Render thread/INFO] (Indigo) [Indigo] Registering Indigo renderer!
[14:31:37] [Render thread/INFO] (Minecraft) Backend library: LWJGL version 3.2.2 build 10
[14:31:40] [Render thread/INFO] (Minecraft) Narrator library for x64 successfully loaded
[14:31:40] [Render thread/INFO] (Minecraft) Reloading ResourceManager: Default, Fabric Mods (Fabric BlockRenderLayer Registration (v1), Fabric API Lookup API (v1), Fabric Models (v0), Fabric API Base, Fabric API, Fabric Particles (v1), Fabric Rendering (v0), Fabric Loot Tables (v1), Fabric Loader, Fabric Entity Events (v1), Fabric Renderer API (v1), Fabric Rendering Data Attachment (v1), Fabric Key Bindings (v0), Fabric Dimensions API (v1), Fabric Networking Block Entity (v0), Fabric Content Registries (v0), Fabric Object Builder API (v1), Fabric Rendering (v1), Fabric Lifecycle Events (v1), Fabric Tag Extensions (v0), Fabric Textures (v0), Fabric Key Binding API (v1), Fabric Registry Sync (v0), Fabric Item API (v1), Fabric Resource Loader (v0), Fabric Game Rule API (v1), Fabric Commands (v0), Fabric Screen Handler API (v1), Fabric Networking (v0), Fabric Networking API (v1), Fabric Renderer Registries (v1), Fabric Mining Levels (v0), Fabric Rendering Fluids (v1), Fabric Biome API (v1), Fabric Item Groups (v0), Fabric Tool Attribute API (v1), Fabric Command API (v1), Fabric Containers (v0), Fabric Object Builders (v0), Fabric Events Lifecycle (v0), Fabric Events Interaction (v0), Fabric Screen API (v1), elemental_tools, Fabric Structure API (v1), Fabric Crash Report Info (v1), Fabric Renderer - Indigo)
[14:31:41] [Realms Notification Availability checker #1/INFO] (Minecraft) Could not authorize you against Realms server: Invalid session id
[14:31:45] [Worker-Main-10/ERROR] (Minecraft) Using missing texture, unable to load elemental_tools:textures/item/air_hoe.png : java.io.FileNotFoundException: elemental_tools:textures/item/air_hoe.png
[14:31:45] [Worker-Main-9/ERROR] (Minecraft) Using missing texture, unable to load elemental_tools:textures/item/earth_shovel.png : java.io.FileNotFoundException: elemental_tools:textures/item/earth_shovel.png
[14:31:45] [Worker-Main-12/ERROR] (Minecraft) Using missing texture, unable to load elemental_tools:textures/item/earth_hoe.png : java.io.FileNotFoundException: elemental_tools:textures/item/earth_hoe.png
[14:31:45] [Worker-Main-11/ERROR] (Minecraft) Using missing texture, unable to load elemental_tools:textures/item/water_shovel.png : java.io.FileNotFoundException: elemental_tools:textures/item/water_shovel.png
[14:31:45] [Worker-Main-10/ERROR] (Minecraft) Using missing texture, unable to load elemental_tools:textures/item/fire_shovel.png : java.io.FileNotFoundException: elemental_tools:textures/item/fire_shovel.png
[14:31:45] [Worker-Main-9/ERROR] (Minecraft) Using missing texture, unable to load elemental_tools:textures/item/air_shovel.png : java.io.FileNotFoundException: elemental_tools:textures/item/air_shovel.png
[14:31:45] [Worker-Main-12/ERROR] (Minecraft) Using missing texture, unable to load elemental_tools:textures/item/water_hoe.png : java.io.FileNotFoundException: elemental_tools:textures/item/water_hoe.png
[14:31:45] [Worker-Main-9/ERROR] (Minecraft) Using missing texture, unable to load elemental_tools:textures/item/fire_hoe.png : java.io.FileNotFoundException: elemental_tools:textures/item/fire_hoe.png
[14:31:46] [Render thread/INFO] (Minecraft) OpenAL initialized.
[14:31:46] [Render thread/INFO] (Minecraft) Sound engine started
[14:31:46] [Render thread/INFO] (Minecraft) Created: 1024x1024x4 minecraft:textures/atlas/blocks.png-atlas
[14:31:46] [Render thread/INFO] (Minecraft) Created: 256x128x4 minecraft:textures/atlas/signs.png-atlas
[14:31:46] [Render thread/INFO] (Minecraft) Created: 1024x512x4 minecraft:textures/atlas/banner_patterns.png-atlas
[14:31:46] [Render thread/INFO] (Minecraft) Created: 1024x512x4 minecraft:textures/atlas/shield_patterns.png-atlas
[14:31:46] [Render thread/INFO] (Minecraft) Created: 256x256x4 minecraft:textures/atlas/chest.png-atlas
[14:31:46] [Render thread/INFO] (Minecraft) Created: 512x256x4 minecraft:textures/atlas/beds.png-atlas
[14:31:46] [Render thread/INFO] (Minecraft) Created: 512x256x4 minecraft:textures/atlas/shulker_boxes.png-atlas
[14:31:47] [Render thread/INFO] (Minecraft) Created: 256x256x0 minecraft:textures/atlas/particles.png-atlas
[14:31:47] [Render thread/INFO] (Minecraft) Created: 256x256x0 minecraft:textures/atlas/paintings.png-atlas
[14:31:47] [Render thread/INFO] (Minecraft) Created: 256x128x0 minecraft:textures/atlas/mob_effects.png-atlas
[14:32:11] [Render thread/INFO] (BiomeModificationImpl) Applied 0 biome modifications to 0 of 81 new biomes in 2.845 ms
[14:32:11] [Render thread/WARN] (Minecraft) Ambiguity between arguments [teleport, location] and [teleport, destination] with inputs: [0.1 -0.5 .9, 0 0 0]
[14:32:11] [Render thread/WARN] (Minecraft) Ambiguity between arguments [teleport, location] and [teleport, targets] with inputs: [0.1 -0.5 .9, 0 0 0]
[14:32:11] [Render thread/WARN] (Minecraft) Ambiguity between arguments [teleport, destination] and [teleport, targets] with inputs: [Player, 0123, @e, dd12be42-52a9-4a91-a8a1-11c01849e498]
[14:32:11] [Render thread/WARN] (Minecraft) Ambiguity between arguments [teleport, targets] and [teleport, destination] with inputs: [Player, 0123, dd12be42-52a9-4a91-a8a1-11c01849e498]
[14:32:11] [Render thread/WARN] (Minecraft) Ambiguity between arguments [teleport, targets, location] and [teleport, targets, destination] with inputs: [0.1 -0.5 .9, 0 0 0]
[14:32:11] [Render thread/INFO] (Minecraft) Reloading ResourceManager: Default, Fabric Mods (Fabric Tool Attribute API (v1), elemental_tools)
[14:32:12] [Render thread/INFO] (Minecraft) Loaded 7 recipes
[14:32:12] [Render thread/INFO] (Minecraft) Loaded 1137 advancements
[14:32:12] [Render thread/WARN] (Minecraft) Adding minecraft:deepslate to saved/remote registry.
[14:32:12] [Render thread/WARN] (Minecraft) Adding minecraft:cobbled_deepslate to saved/remote registry.
[14:32:12] [Render thread/WARN] (Minecraft) Adding minecraft:polished_deepslate to saved/remote registry.
[14:32:12] [Render thread/WARN] (Minecraft) Adding minecraft:calcite to saved/remote registry.
[14:32:12] [Render thread/WARN] (Minecraft) Adding minecraft:tuff to saved/remote registry.
[14:32:12] [Render thread/WARN] (Minecraft) Adding minecraft:dripstone_block to saved/remote registry.
[14:32:12] [Render thread/WARN] (Minecraft) Adding minecraft:rooted_dirt to saved/remote registry.
[14:32:12] [Render thread/WARN] (Minecraft) Adding minecraft:crimson_nylium to saved/remote registry.
[14:32:12] [Render thread/WARN] (Minecraft) Adding minecraft:warped_nylium to saved/remote registry.
[14:32:12] [Render thread/WARN] (Minecraft) Adding minecraft:crimson_planks to saved/remote registry.
[14:32:12] [Render thread/WARN] (Minecraft) Adding minecraft:warped_planks to saved/remote registry.
[14:32:12] [Render thread/WARN] (Minecraft) Adding minecraft:deepslate_coal_ore to saved/remote registry.
[14:32:12] [Render thread/WARN] (Minecraft) Adding minecraft:deepslate_iron_ore to saved/remote registry.
[14:32:12] [Render thread/WARN] (Minecraft) Adding minecraft:copper_ore to saved/remote registry.
[14:32:12] [Render thread/WARN] (Minecraft) Adding minecraft:deepslate_copper_ore to saved/remote registry.
[14:32:12] [Render thread/WARN] (Minecraft) Adding minecraft:deepslate_gold_ore to saved/remote registry.
[14:32:12] [Render thread/WARN] (Minecraft) Adding minecraft:deepslate_redstone_ore to saved/remote registry.
[14:32:12] [Render thread/WARN] (Minecraft) Adding minecraft:deepslate_emerald_ore to saved/remote registry.
[14:32:12] [Render thread/WARN] (Minecraft) Adding minecraft:deepslate_lapis_ore to saved/remote registry.
[14:32:12] [Render thread/WARN] (Minecraft) Adding minecraft:deepslate_diamond_ore to saved/remote registry.
[14:32:12] [Render thread/WARN] (Minecraft) Adding minecraft:nether_gold_ore to saved/remote registry.
[14:32:12] [Render thread/WARN] (Minecraft) Adding minecraft:ancient_debris to saved/remote registry.
[14:32:12] [Render thread/WARN] (Minecraft) Adding minecraft:raw_iron_block to saved/remote registry.
[14:32:12] [Render thread/WARN] (Minecraft) Adding minecraft:raw_copper_block to saved/remote registry.
[14:32:12] [Render thread/WARN] (Minecraft) Adding minecraft:raw_gold_block to saved/remote registry.
[14:32:12] [Render thread/WARN] (Minecraft) Adding minecraft:amethyst_block to saved/remote registry.
[14:32:12] [Render thread/WARN] (Minecraft) Adding minecraft:budding_amethyst to saved/remote registry.
[14:32:12] [Render thread/WARN] (Minecraft) Adding minecraft:copper_block to saved/remote registry.
[14:32:12] [Render thread/WARN] (Minecraft) Adding minecraft:netherite_block to saved/remote registry.
[14:32:12] [Render thread/WARN] (Minecraft) Adding minecraft:exposed_copper to saved/remote registry.
[14:32:12] [Render thread/WARN] (Minecraft) Adding minecraft:weathered_copper to saved/remote registry.
[14:32:12] [Render thread/WARN] (Minecraft) Adding minecraft:oxidized_copper to saved/remote registry.
[14:32:12] [Render thread/WARN] (Minecraft) Adding minecraft:cut_copper to saved/remote registry.
[14:32:12] [Render thread/WARN] (Minecraft) Adding minecraft:exposed_cut_copper to saved/remote registry.
[14:32:12] [Render thread/WARN] (Minecraft) Adding minecraft:weathered_cut_copper to saved/remote registry.
[14:32:12] [Render thread/WARN] (Minecraft) Adding minecraft:oxidized_cut_copper to saved/remote registry.
[14:32:12] [Render thread/WARN] (Minecraft) Adding minecraft:cut_copper_stairs to saved/remote registry.
[14:32:12] [Render thread/WARN] (Minecraft) Adding minecraft:exposed_cut_copper_stairs to saved/remote registry.
[14:32:12] [Render thread/WARN] (Minecraft) Adding minecraft:weathered_cut_copper_stairs to saved/remote registry.
[14:32:12] [Render thread/WARN] (Minecraft) Adding minecraft:oxidized_cut_copper_stairs to saved/remote registry.
[14:32:12] [Render thread/WARN] (Minecraft) Adding minecraft:cut_copper_slab to saved/remote registry.
[14:32:12] [Render thread/WARN] (Minecraft) Adding minecraft:exposed_cut_copper_slab to saved/remote registry.
[14:32:12] [Render thread/WARN] (Minecraft) Adding minecraft:weathered_cut_copper_slab to saved/remote registry.
[14:32:12] [Render thread/WARN] (Minecraft) Adding minecraft:oxidized_cut_copper_slab to saved/remote registry.
[14:32:12] [Render thread/WARN] (Minecraft) Adding minecraft:waxed_copper_block to saved/remote registry.
[14:32:12] [Render thread/WARN] (Minecraft) Adding minecraft:waxed_exposed_copper to saved/remote registry.
[14:32:12] [Render thread/WARN] (Minecraft) Adding minecraft:waxed_weathered_copper to saved/remote registry.
[14:32:12] [Render thread/WARN] (Minecraft) Adding minecraft:waxed_oxidized_copper to saved/remote registry.
[14:32:12] [Render thread/WARN] (Minecraft) Adding minecraft:waxed_cut_copper to saved/remote registry.
[14:32:12] [Render thread/WARN] (Minecraft) Adding minecraft:waxed_exposed_cut_copper to saved/remote registry.
[14:32:12] [Render thread/WARN] (Minecraft) Adding minecraft:waxed_weathered_cut_copper to saved/remote registry.
[14:32:12] [Render thread/WARN] (Minecraft) Adding minecraft:waxed_oxidized_cut_copper to saved/remote registry.
[14:32:12] [Render thread/WARN] (Minecraft) Adding minecraft:waxed_cut_copper_stairs to saved/remote registry.
[14:32:12] [Render thread/WARN] (Minecraft) Adding minecraft:waxed_exposed_cut_copper_stairs to saved/remote registry.
[14:32:12] [Render thread/WARN] (Minecraft) Adding minecraft:waxed_weathered_cut_copper_stairs to saved/remote registry.
[14:32:12] [Render thread/WARN] (Minecraft) Adding minecraft:waxed_oxidized_cut_copper_stairs to saved/remote registry.
[14:32:12] [Render thread/WARN] (Minecraft) Adding minecraft:waxed_cut_copper_slab to saved/remote registry.
[14:32:12] [Render thread/WARN] (Minecraft) Adding minecraft:waxed_exposed_cut_copper_slab to saved/remote registry.
[14:32:12] [Render thread/WARN] (Minecraft) Adding minecraft:waxed_weathered_cut_copper_slab to saved/remote registry.
[14:32:12] [Render thread/WARN] (Minecraft) Adding minecraft:waxed_oxidized_cut_copper_slab to saved/remote registry.
[14:32:12] [Render thread/WARN] (Minecraft) Adding minecraft:crimson_stem to saved/remote registry.
[14:32:12] [Render thread/WARN] (Minecraft) Adding minecraft:warped_stem to saved/remote registry.
[14:32:12] [Render thread/WARN] (Minecraft) Adding minecraft:stripped_crimson_stem to saved/remote registry.
[14:32:12] [Render thread/WARN] (Minecraft) Adding minecraft:stripped_warped_stem to saved/remote registry.
[14:32:12] [Render thread/WARN] (Minecraft) Adding minecraft:stripped_crimson_hyphae to saved/remote registry.
[14:32:12] [Render thread/WARN] (Minecraft) Adding minecraft:stripped_warped_hyphae to saved/remote registry.
[14:32:12] [Render thread/WARN] (Minecraft) Adding minecraft:crimson_hyphae to saved/remote registry.
[14:32:12] [Render thread/WARN] (Minecraft) Adding minecraft:warped_hyphae to saved/remote registry.
[14:32:12] [Render thread/WARN] (Minecraft) Adding minecraft:azalea_leaves to saved/remote registry.
[14:32:12] [Render thread/WARN] (Minecraft) Adding minecraft:flowering_azalea_leaves to saved/remote registry.
[14:32:12] [Render thread/WARN] (Minecraft) Adding minecraft:tinted_glass to saved/remote registry.
[14:32:12] [Render thread/WARN] (Minecraft) Adding minecraft:azalea to saved/remote registry.
[14:32:12] [Render thread/WARN] (Minecraft) Adding minecraft:flowering_azalea to saved/remote registry.
[14:32:12] [Render thread/WARN] (Minecraft) Adding minecraft:spore_blossom to saved/remote registry.
[14:32:12] [Render thread/WARN] (Minecraft) Adding minecraft:crimson_fungus to saved/remote registry.
[14:32:12] [Render thread/WARN] (Minecraft) Adding minecraft:warped_fungus to saved/remote registry.
[14:32:12] [Render thread/WARN] (Minecraft) Adding minecraft:crimson_roots to saved/remote registry.
[14:32:12] [Render thread/WARN] (Minecraft) Adding minecraft:warped_roots to saved/remote registry.
[14:32:12] [Render thread/WARN] (Minecraft) Adding minecraft:nether_sprouts to saved/remote registry.
[14:32:12] [Render thread/WARN] (Minecraft) Adding minecraft:weeping_vines to saved/remote registry.
[14:32:12] [Render thread/WARN] (Minecraft) Adding minecraft:twisting_vines to saved/remote registry.
[14:32:12] [Render thread/WARN] (Minecraft) Adding minecraft:moss_carpet to saved/remote registry.
[14:32:12] [Render thread/WARN] (Minecraft) Adding minecraft:moss_block to saved/remote registry.
[14:32:12] [Render thread/WARN] (Minecraft) Adding minecraft:hanging_roots to saved/remote registry.
[14:32:12] [Render thread/WARN] (Minecraft) Adding minecraft:big_dripleaf to saved/remote registry.
[14:32:12] [Render thread/WARN] (Minecraft) Adding minecraft:small_dripleaf to saved/remote registry.
[14:32:12] [Render thread/WARN] (Minecraft) Adding minecraft:crimson_slab to saved/remote registry.
[14:32:12] [Render thread/WARN] (Minecraft) Adding minecraft:warped_slab to saved/remote registry.
[14:32:12] [Render thread/WARN] (Minecraft) Adding minecraft:crimson_fence to saved/remote registry.
[14:32:12] [Render thread/WARN] (Minecraft) Adding minecraft:warped_fence to saved/remote registry.
[14:32:12] [Render thread/WARN] (Minecraft) Adding minecraft:soul_soil to saved/remote registry.
[14:32:12] [Render thread/WARN] (Minecraft) Adding minecraft:basalt to saved/remote registry.
[14:32:12] [Render thread/WARN] (Minecraft) Adding minecraft:polished_basalt to saved/remote registry.
[14:32:12] [Render thread/WARN] (Minecraft) Adding minecraft:smooth_basalt to saved/remote registry.
[14:32:12] [Render thread/WARN] (Minecraft) Adding minecraft:soul_torch to saved/remote registry.
[14:32:12] [Render thread/WARN] (Minecraft) Adding minecraft:infested_deepslate to saved/remote registry.
[14:32:12] [Render thread/WARN] (Minecraft) Adding minecraft:deepslate_bricks to saved/remote registry.
[14:32:12] [Render thread/WARN] (Minecraft) Adding minecraft:cracked_deepslate_bricks to saved/remote registry.
[14:32:12] [Render thread/WARN] (Minecraft) Adding minecraft:deepslate_tiles to saved/remote registry.
[14:32:12] [Render thread/WARN] (Minecraft) Adding minecraft:cracked_deepslate_tiles to saved/remote registry.
[14:32:12] [Render thread/WARN] (Minecraft) Adding minecraft:chiseled_deepslate to saved/remote registry.
[14:32:12] [Render thread/WARN] (Minecraft) Adding minecraft:chain to saved/remote registry.
[14:32:12] [Render thread/WARN] (Minecraft) Adding minecraft:glow_lichen to saved/remote registry.
[14:32:12] [Render thread/WARN] (Minecraft) Adding minecraft:cracked_nether_bricks to saved/remote registry.
[14:32:12] [Render thread/WARN] (Minecraft) Adding minecraft:chiseled_nether_bricks to saved/remote registry.
[14:32:12] [Render thread/WARN] (Minecraft) Adding minecraft:crimson_stairs to saved/remote registry.
[14:32:12] [Render thread/WARN] (Minecraft) Adding minecraft:warped_stairs to saved/remote registry.
[14:32:12] [Render thread/WARN] (Minecraft) Adding minecraft:blackstone_wall to saved/remote registry.
[14:32:12] [Render thread/WARN] (Minecraft) Adding minecraft:polished_blackstone_wall to saved/remote registry.
[14:32:12] [Render thread/WARN] (Minecraft) Adding minecraft:polished_blackstone_brick_wall to saved/remote registry.
[14:32:12] [Render thread/WARN] (Minecraft) Adding minecraft:cobbled_deepslate_wall to saved/remote registry.
[14:32:12] [Render thread/WARN] (Minecraft) Adding minecraft:polished_deepslate_wall to saved/remote registry.
[14:32:12] [Render thread/WARN] (Minecraft) Adding minecraft:deepslate_brick_wall to saved/remote registry.
[14:32:12] [Render thread/WARN] (Minecraft) Adding minecraft:deepslate_tile_wall to saved/remote registry.
[14:32:12] [Render thread/WARN] (Minecraft) Adding minecraft:quartz_bricks to saved/remote registry.
[14:32:12] [Render thread/WARN] (Minecraft) Adding minecraft:light to saved/remote registry.
[14:32:12] [Render thread/WARN] (Minecraft) Adding minecraft:dirt_path to saved/remote registry.
[14:32:12] [Render thread/WARN] (Minecraft) Adding minecraft:warped_wart_block to saved/remote registry.
[14:32:12] [Render thread/WARN] (Minecraft) Adding minecraft:cobbled_deepslate_stairs to saved/remote registry.
[14:32:12] [Render thread/WARN] (Minecraft) Adding minecraft:polished_deepslate_stairs to saved/remote registry.
[14:32:12] [Render thread/WARN] (Minecraft) Adding minecraft:deepslate_brick_stairs to saved/remote registry.
[14:32:12] [Render thread/WARN] (Minecraft) Adding minecraft:deepslate_tile_stairs to saved/remote registry.
[14:32:12] [Render thread/WARN] (Minecraft) Adding minecraft:cobbled_deepslate_slab to saved/remote registry.
[14:32:12] [Render thread/WARN] (Minecraft) Adding minecraft:polished_deepslate_slab to saved/remote registry.
[14:32:12] [Render thread/WARN] (Minecraft) Adding minecraft:deepslate_brick_slab to saved/remote registry.
[14:32:12] [Render thread/WARN] (Minecraft) Adding minecraft:deepslate_tile_slab to saved/remote registry.
[14:32:12] [Render thread/WARN] (Minecraft) Adding minecraft:target to saved/remote registry.
[14:32:12] [Render thread/WARN] (Minecraft) Adding minecraft:lightning_rod to saved/remote registry.
[14:32:12] [Render thread/WARN] (Minecraft) Adding minecraft:sculk_sensor to saved/remote registry.
[14:32:12] [Render thread/WARN] (Minecraft) Adding minecraft:polished_blackstone_button to saved/remote registry.
[14:32:12] [Render thread/WARN] (Minecraft) Adding minecraft:crimson_button to saved/remote registry.
[14:32:12] [Render thread/WARN] (Minecraft) Adding minecraft:warped_button to saved/remote registry.
[14:32:12] [Render thread/WARN] (Minecraft) Adding minecraft:polished_blackstone_pressure_plate to saved/remote registry.
[14:32:12] [Render thread/WARN] (Minecraft) Adding minecraft:crimson_pressure_plate to saved/remote registry.
[14:32:12] [Render thread/WARN] (Minecraft) Adding minecraft:warped_pressure_plate to saved/remote registry.
[14:32:12] [Render thread/WARN] (Minecraft) Adding minecraft:crimson_door to saved/remote registry.
[14:32:12] [Render thread/WARN] (Minecraft) Adding minecraft:warped_door to saved/remote registry.
[14:32:12] [Render thread/WARN] (Minecraft) Adding minecraft:crimson_trapdoor to saved/remote registry.
[14:32:12] [Render thread/WARN] (Minecraft) Adding minecraft:warped_trapdoor to saved/remote registry.
[14:32:12] [Render thread/WARN] (Minecraft) Adding minecraft:crimson_fence_gate to saved/remote registry.
[14:32:12] [Render thread/WARN] (Minecraft) Adding minecraft:warped_fence_gate to saved/remote registry.
[14:32:12] [Render thread/WARN] (Minecraft) Adding minecraft:warped_fungus_on_a_stick to saved/remote registry.
[14:32:12] [Render thread/WARN] (Minecraft) Adding minecraft:amethyst_shard to saved/remote registry.
[14:32:12] [Render thread/WARN] (Minecraft) Adding minecraft:raw_iron to saved/remote registry.
[14:32:12] [Render thread/WARN] (Minecraft) Adding minecraft:raw_copper to saved/remote registry.
[14:32:12] [Render thread/WARN] (Minecraft) Adding minecraft:copper_ingot to saved/remote registry.
[14:32:12] [Render thread/WARN] (Minecraft) Adding minecraft:raw_gold to saved/remote registry.
[14:32:12] [Render thread/WARN] (Minecraft) Adding minecraft:netherite_ingot to saved/remote registry.
[14:32:12] [Render thread/WARN] (Minecraft) Adding minecraft:netherite_scrap to saved/remote registry.
[14:32:12] [Render thread/WARN] (Minecraft) Adding minecraft:netherite_sword to saved/remote registry.
[14:32:12] [Render thread/WARN] (Minecraft) Adding minecraft:netherite_shovel to saved/remote registry.
[14:32:12] [Render thread/WARN] (Minecraft) Adding minecraft:netherite_pickaxe to saved/remote registry.
[14:32:12] [Render thread/WARN] (Minecraft) Adding minecraft:netherite_axe to saved/remote registry.
[14:32:12] [Render thread/WARN] (Minecraft) Adding minecraft:netherite_hoe to saved/remote registry.
[14:32:12] [Render thread/WARN] (Minecraft) Adding minecraft:netherite_helmet to saved/remote registry.
[14:32:12] [Render thread/WARN] (Minecraft) Adding minecraft:netherite_chestplate to saved/remote registry.
[14:32:12] [Render thread/WARN] (Minecraft) Adding minecraft:netherite_leggings to saved/remote registry.
[14:32:12] [Render thread/WARN] (Minecraft) Adding minecraft:netherite_boots to saved/remote registry.
[14:32:12] [Render thread/WARN] (Minecraft) Adding minecraft:crimson_sign to saved/remote registry.
[14:32:12] [Render thread/WARN] (Minecraft) Adding minecraft:warped_sign to saved/remote registry.
[14:32:12] [Render thread/WARN] (Minecraft) Adding minecraft:powder_snow_bucket to saved/remote registry.
[14:32:12] [Render thread/WARN] (Minecraft) Adding minecraft:axolotl_bucket to saved/remote registry.
[14:32:12] [Render thread/WARN] (Minecraft) Adding minecraft:bundle to saved/remote registry.
[14:32:12] [Render thread/WARN] (Minecraft) Adding minecraft:spyglass to saved/remote registry.
[14:32:12] [Render thread/WARN] (Minecraft) Adding minecraft:glow_ink_sac to saved/remote registry.
[14:32:12] [Render thread/WARN] (Minecraft) Adding minecraft:axolotl_spawn_egg to saved/remote registry.
[14:32:12] [Render thread/WARN] (Minecraft) Adding minecraft:glow_squid_spawn_egg to saved/remote registry.
[14:32:12] [Render thread/WARN] (Minecraft) Adding minecraft:goat_spawn_egg to saved/remote registry.
[14:32:12] [Render thread/WARN] (Minecraft) Adding minecraft:hoglin_spawn_egg to saved/remote registry.
[14:32:12] [Render thread/WARN] (Minecraft) Adding minecraft:piglin_spawn_egg to saved/remote registry.
[14:32:12] [Render thread/WARN] (Minecraft) Adding minecraft:piglin_brute_spawn_egg to saved/remote registry.
[14:32:12] [Render thread/WARN] (Minecraft) Adding minecraft:strider_spawn_egg to saved/remote registry.
[14:32:12] [Render thread/WARN] (Minecraft) Adding minecraft:zoglin_spawn_egg to saved/remote registry.
[14:32:12] [Render thread/WARN] (Minecraft) Adding minecraft:zombified_piglin_spawn_egg to saved/remote registry.
[14:32:12] [Render thread/WARN] (Minecraft) Adding minecraft:glow_item_frame to saved/remote registry.
[14:32:12] [Render thread/WARN] (Minecraft) Adding minecraft:music_disc_pigstep to saved/remote registry.
[14:32:12] [Render thread/WARN] (Minecraft) Adding minecraft:piglin_banner_pattern to saved/remote registry.
[14:32:12] [Render thread/WARN] (Minecraft) Adding minecraft:soul_lantern to saved/remote registry.
[14:32:12] [Render thread/WARN] (Minecraft) Adding minecraft:glow_berries to saved/remote registry.
[14:32:12] [Render thread/WARN] (Minecraft) Adding minecraft:soul_campfire to saved/remote registry.
[14:32:12] [Render thread/WARN] (Minecraft) Adding minecraft:shroomlight to saved/remote registry.
[14:32:12] [Render thread/WARN] (Minecraft) Adding minecraft:lodestone to saved/remote registry.
[14:32:12] [Render thread/WARN] (Minecraft) Adding minecraft:crying_obsidian to saved/remote registry.
[14:32:12] [Render thread/WARN] (Minecraft) Adding minecraft:blackstone to saved/remote registry.
[14:32:12] [Render thread/WARN] (Minecraft) Adding minecraft:blackstone_slab to saved/remote registry.
[14:32:12] [Render thread/WARN] (Minecraft) Adding minecraft:blackstone_stairs to saved/remote registry.
[14:32:12] [Render thread/WARN] (Minecraft) Adding minecraft:gilded_blackstone to saved/remote registry.
[14:32:12] [Render thread/WARN] (Minecraft) Adding minecraft:polished_blackstone to saved/remote registry.
[14:32:12] [Render thread/WARN] (Minecraft) Adding minecraft:polished_blackstone_slab to saved/remote registry.
[14:32:12] [Render thread/WARN] (Minecraft) Adding minecraft:polished_blackstone_stairs to saved/remote registry.
[14:32:12] [Render thread/WARN] (Minecraft) Adding minecraft:chiseled_polished_blackstone to saved/remote registry.
[14:32:12] [Render thread/WARN] (Minecraft) Adding minecraft:polished_blackstone_bricks to saved/remote registry.
[14:32:12] [Render thread/WARN] (Minecraft) Adding minecraft:polished_blackstone_brick_slab to saved/remote registry.
[14:32:12] [Render thread/WARN] (Minecraft) Adding minecraft:polished_blackstone_brick_stairs to saved/remote registry.
[14:32:12] [Render thread/WARN] (Minecraft) Adding minecraft:cracked_polished_blackstone_bricks to saved/remote registry.
[14:32:12] [Render thread/WARN] (Minecraft) Adding minecraft:respawn_anchor to saved/remote registry.
[14:32:12] [Render thread/WARN] (Minecraft) Adding minecraft:candle to saved/remote registry.
[14:32:12] [Render thread/WARN] (Minecraft) Adding minecraft:white_candle to saved/remote registry.
[14:32:12] [Render thread/WARN] (Minecraft) Adding minecraft:orange_candle to saved/remote registry.
[14:32:12] [Render thread/WARN] (Minecraft) Adding minecraft:magenta_candle to saved/remote registry.
[14:32:12] [Render thread/WARN] (Minecraft) Adding minecraft:light_blue_candle to saved/remote registry.
[14:32:12] [Render thread/WARN] (Minecraft) Adding minecraft:yellow_candle to saved/remote registry.
[14:32:12] [Render thread/WARN] (Minecraft) Adding minecraft:lime_candle to saved/remote registry.
[14:32:12] [Render thread/WARN] (Minecraft) Adding minecraft:pink_candle to saved/remote registry.
[14:32:12] [Render thread/WARN] (Minecraft) Adding minecraft:gray_candle to saved/remote registry.
[14:32:12] [Render thread/WARN] (Minecraft) Adding minecraft:light_gray_candle to saved/remote registry.
[14:32:12] [Render thread/WARN] (Minecraft) Adding minecraft:cyan_candle to saved/remote registry.
[14:32:12] [Render thread/WARN] (Minecraft) Adding minecraft:purple_candle to saved/remote registry.
[14:32:12] [Render thread/WARN] (Minecraft) Adding minecraft:blue_candle to saved/remote registry.
[14:32:12] [Render thread/WARN] (Minecraft) Adding minecraft:brown_candle to saved/remote registry.
[14:32:12] [Render thread/WARN] (Minecraft) Adding minecraft:green_candle to saved/remote registry.
[14:32:12] [Render thread/WARN] (Minecraft) Adding minecraft:red_candle to saved/remote registry.
[14:32:12] [Render thread/WARN] (Minecraft) Adding minecraft:black_candle to saved/remote registry.
[14:32:12] [Render thread/WARN] (Minecraft) Adding minecraft:small_amethyst_bud to saved/remote registry.
[14:32:12] [Render thread/WARN] (Minecraft) Adding minecraft:medium_amethyst_bud to saved/remote registry.
[14:32:12] [Render thread/WARN] (Minecraft) Adding minecraft:large_amethyst_bud to saved/remote registry.
[14:32:12] [Render thread/WARN] (Minecraft) Adding minecraft:amethyst_cluster to saved/remote registry.
[14:32:12] [Render thread/WARN] (Minecraft) Adding minecraft:pointed_dripstone to saved/remote registry.
[14:32:12] [Render thread/WARN] (Minecraft) minecraft:grass_path missing from registry, but requested!
[14:32:12] [Render thread/WARN] (Minecraft) minecraft:zombie_pigman_spawn_egg missing from registry, but requested!
[14:32:12] [Render thread/WARN] (FabricRegistrySync) [fabric-registry-sync] Could not find the following registries: minecraft:biome_source_type, minecraft:block_state_provider_type, minecraft:dimension_type, minecraft:structure_piece, minecraft:carver, minecraft:block_placer_type, minecraft:decorator, minecraft:structure_feature, minecraft:surface_builder, minecraft:foliage_placer_type, minecraft:feature, minecraft:tree_decorator_type, minecraft:structure_pool_element, minecraft:biome, minecraft:chunk_generator_type, minecraft:structure_processor
[14:32:12] [Render thread/INFO] (FabricRegistrySync) [fabric-registry-sync] Loaded registry data [file 1/4]
[14:32:13] [Render thread/INFO] (Minecraft) Environment: authHost='https://authserver.mojang.com', accountsHost='https://api.mojang.com', sessionHost='https://sessionserver.mojang.com', servicesHost='https://api.minecraftservices.com', name='PROD'
[14:32:13] [Server thread/INFO] (Minecraft) Starting integrated minecraft server version 1.17
[14:32:13] [Server thread/INFO] (Minecraft) Generating keypair
[14:32:14] [Server thread/INFO] (Minecraft) Preparing start region for dimension minecraft:overworld
[14:32:14] [Render thread/INFO] (Minecraft) Preparing spawn area: 0%
[14:32:16] [Render thread/INFO] (Minecraft) Preparing spawn area: 0%
[14:32:16] [Render thread/INFO] (Minecraft) Preparing spawn area: 0%
[14:32:16] [Render thread/INFO] (Minecraft) Preparing spawn area: 0%
[14:32:16] [Render thread/INFO] (Minecraft) Preparing spawn area: 0%
[14:32:16] [Render thread/INFO] (Minecraft) Preparing spawn area: 0%
[14:32:17] [Render thread/INFO] (Minecraft) Preparing spawn area: 0%
[14:32:17] [Render thread/INFO] (Minecraft) Preparing spawn area: 23%
[14:32:18] [Render thread/INFO] (Minecraft) Time elapsed: 3985 ms
[14:32:18] [Server thread/INFO] (Minecraft) Changing view distance to 11, from 10
[14:32:19] [Server thread/INFO] (Minecraft) Player530[local:E:dc6822a0] logged in with entity id 196 at (217.07739411562358, 64.0, -6.621419231404377)
[14:32:19] [Server thread/INFO] (Minecraft) Player530 joined the game
[14:32:19] [Netty Local Client IO #0/INFO] (BiomeModificationImpl) Applied 0 biome modifications to 0 of 81 new biomes in 280.0 μs
[14:32:20] [Server thread/INFO] (Minecraft) Saving and pausing game...
[14:32:20] [Server thread/INFO] (Minecraft) Saving chunks for level 'ServerLevel[New World]'/minecraft:overworld
[14:32:20] [Render thread/INFO] (Minecraft) Loaded 0 advancements
[14:32:20] [Server thread/INFO] (Minecraft) Saving chunks for level 'ServerLevel[New World]'/minecraft:the_nether
[14:32:20] [Server thread/INFO] (Minecraft) Saving chunks for level 'ServerLevel[New World]'/minecraft:the_end
[14:32:23] [Render thread/INFO] (Minecraft) Loaded 8 advancements
[14:32:24] [Render thread/INFO] (Minecraft) Loaded 26 advancements
[14:32:25] [Server thread/INFO] (Minecraft) Saving and pausing game...
[14:32:25] [Server thread/INFO] (Minecraft) Saving chunks for level 'ServerLevel[New World]'/minecraft:overworld
[14:32:25] [Server thread/INFO] (Minecraft) Saving chunks for level 'ServerLevel[New World]'/minecraft:the_nether
[14:32:25] [Server thread/INFO] (Minecraft) Saving chunks for level 'ServerLevel[New World]'/minecraft:the_end
[14:33:19] [Render thread/INFO] (Minecraft) Stopping!
[14:33:19] [Server thread/INFO] (Minecraft) Player530 lost connection: Disconnected
[14:33:19] [Server thread/INFO] (Minecraft) Player530 left the game
[14:33:19] [Server thread/INFO] (Minecraft) Stopping singleplayer server as player logged out
[14:33:19] [Server thread/INFO] (Minecraft) Stopping server
[14:33:19] [Server thread/INFO] (Minecraft) Saving players
[14:33:19] [Server thread/INFO] (Minecraft) Saving worlds
[14:33:19] [Server thread/INFO] (Minecraft) Saving chunks for level 'ServerLevel[New World]'/minecraft:overworld
[14:33:19] [Server thread/INFO] (Minecraft) ThreadedAnvilChunkStorage (New World (3)): All chunks are saved
[14:33:19] [Server thread/INFO] (Minecraft) Saving chunks for level 'ServerLevel[New World]'/minecraft:the_nether
[14:33:19] [Server thread/INFO] (Minecraft) ThreadedAnvilChunkStorage (DIM-1): All chunks are saved
[14:33:19] [Server thread/INFO] (Minecraft) Saving chunks for level 'ServerLevel[New World]'/minecraft:the_end
[14:33:19] [Server thread/INFO] (Minecraft) ThreadedAnvilChunkStorage (DIM1): All chunks are saved
[14:33:20] [Server thread/INFO] (Minecraft) ThreadedAnvilChunkStorage (New World (3)): All chunks are saved
[14:33:20] [Server thread/INFO] (Minecraft) ThreadedAnvilChunkStorage (DIM-1): All chunks are saved
[14:33:20] [Server thread/INFO] (Minecraft) ThreadedAnvilChunkStorage (DIM1): All chunks are saved
